<?xml version="1.0" encoding="UTF-8"?>
<coverage generated="1575204202616" clover="3.2.0">
  <project timestamp="1575204202616" name="All files">
    <metrics statements="20" coveredstatements="1" conditionals="9" coveredconditionals="0" methods="9" coveredmethods="1" elements="38" coveredelements="2" complexity="0" loc="20" ncloc="20" packages="2" files="2" classes="2"/>
    <package name="src">
      <metrics statements="8" coveredstatements="0" conditionals="7" coveredconditionals="0" methods="1" coveredmethods="0"/>
      <file name="reducer.tsx" path="/Users/wijnandkarsens/Documents/hn-code-challenge/src/reducer.tsx">
        <metrics statements="8" coveredstatements="0" conditionals="7" coveredconditionals="0" methods="1" coveredmethods="0"/>
        <line num="27" count="0" type="stmt"/>
        <line num="34" count="0" type="stmt"/>
        <line num="38" count="0" type="cond" truecount="0" falsecount="4"/>
        <line num="40" count="0" type="stmt"/>
        <line num="47" count="0" type="cond" truecount="0" falsecount="2"/>
        <line num="48" count="0" type="stmt"/>
        <line num="58" count="0" type="stmt"/>
        <line num="64" count="0" type="stmt"/>
      </file>
    </package>
    <package name="src.api">
      <metrics statements="12" coveredstatements="1" conditionals="2" coveredconditionals="0" methods="8" coveredmethods="1"/>
      <file name="getStories.tsx" path="/Users/wijnandkarsens/Documents/hn-code-challenge/src/api/getStories.tsx">
        <metrics statements="12" coveredstatements="1" conditionals="2" coveredconditionals="0" methods="8" coveredmethods="1"/>
        <line num="2" count="1" type="stmt"/>
        <line num="3" count="0" type="stmt"/>
        <line num="4" count="0" type="stmt"/>
        <line num="6" count="0" type="stmt"/>
        <line num="8" count="0" type="stmt"/>
        <line num="9" count="0" type="stmt"/>
        <line num="10" count="0" type="stmt"/>
        <line num="12" count="0" type="stmt"/>
        <line num="18" count="0" type="cond" truecount="0" falsecount="2"/>
        <line num="19" count="0" type="stmt"/>
        <line num="21" count="0" type="stmt"/>
        <line num="24" count="0" type="stmt"/>
      </file>
    </package>
  </project>
</coverage>
