{"/Users/wijnandkarsens/Documents/hn-code-challenge/src/reducer.tsx": {"path":"/Users/wijnandkarsens/Documents/hn-code-challenge/src/reducer.tsx","statementMap":{"0":{"start":{"line":27,"column":27},"end":{"line":32,"column":1}},"1":{"start":{"line":34,"column":23},"end":{"line":66,"column":1}},"2":{"start":{"line":38,"column":2},"end":{"line":65,"column":3}},"3":{"start":{"line":40,"column":6},"end":{"line":43,"column":8}},"4":{"start":{"line":47,"column":22},"end":{"line":47,"column":53}},"5":{"start":{"line":48,"column":6},"end":{"line":54,"column":8}},"6":{"start":{"line":58,"column":6},"end":{"line":60,"column":8}},"7":{"start":{"line":64,"column":6},"end":{"line":64,"column":19}}},"fnMap":{"0":{"name":"(anonymous_0)","decl":{"start":{"line":34,"column":23},"end":{"line":34,"column":24}},"loc":{"start":{"line":37,"column":12},"end":{"line":66,"column":1}},"line":37}},"branchMap":{"0":{"loc":{"start":{"line":35,"column":2},"end":{"line":35,"column":28}},"type":"default-arg","locations":[{"start":{"line":35,"column":17},"end":{"line":35,"column":28}}],"line":35},"1":{"loc":{"start":{"line":38,"column":2},"end":{"line":65,"column":3}},"type":"switch","locations":[{"start":{"line":39,"column":4},"end":{"line":44,"column":5}},{"start":{"line":46,"column":4},"end":{"line":55,"column":5}},{"start":{"line":57,"column":4},"end":{"line":61,"column":5}},{"start":{"line":63,"column":4},"end":{"line":64,"column":19}}],"line":38},"2":{"loc":{"start":{"line":47,"column":22},"end":{"line":47,"column":53}},"type":"binary-expr","locations":[{"start":{"line":47,"column":22},"end":{"line":47,"column":47}},{"start":{"line":47,"column":51},"end":{"line":47,"column":53}}],"line":47}},"s":{"0":0,"1":0,"2":0,"3":0,"4":0,"5":0,"6":0,"7":0},"f":{"0":0},"b":{"0":[0],"1":[0,0,0,0],"2":[0,0]},"hash":"808c53c9801cda5a66f49ec6e36ad570f54526dd"}
,"/Users/wijnandkarsens/Documents/hn-code-challenge/src/api/getStories.tsx": {"path":"/Users/wijnandkarsens/Documents/hn-code-challenge/src/api/getStories.tsx","statementMap":{"0":{"start":{"line":2,"column":2},"end":{"line":26,"column":4}},"1":{"start":{"line":3,"column":4},"end":{"line":25,"column":9}},"2":{"start":{"line":4,"column":19},"end":{"line":4,"column":29}},"3":{"start":{"line":6,"column":8},"end":{"line":6,"column":63}},"4":{"start":{"line":8,"column":8},"end":{"line":17,"column":11}},"5":{"start":{"line":9,"column":10},"end":{"line":16,"column":15}},"6":{"start":{"line":10,"column":25},"end":{"line":10,"column":35}},"7":{"start":{"line":12,"column":14},"end":{"line":15,"column":17}},"8":{"start":{"line":18,"column":8},"end":{"line":20,"column":9}},"9":{"start":{"line":19,"column":10},"end":{"line":19,"column":26}},"10":{"start":{"line":21,"column":8},"end":{"line":21,"column":19}},"11":{"start":{"line":24,"column":8},"end":{"line":24,"column":27}}},"fnMap":{"0":{"name":"getStories","decl":{"start":{"line":1,"column":9},"end":{"line":1,"column":19}},"loc":{"start":{"line":1,"column":30},"end":{"line":27,"column":1}},"line":1},"1":{"name":"(anonymous_1)","decl":{"start":{"line":2,"column":9},"end":{"line":2,"column":10}},"loc":{"start":{"line":2,"column":15},"end":{"line":26,"column":3}},"line":2},"2":{"name":"(anonymous_2)","decl":{"start":{"line":4,"column":12},"end":{"line":4,"column":13}},"loc":{"start":{"line":4,"column":19},"end":{"line":4,"column":29}},"line":4},"3":{"name":"(anonymous_3)","decl":{"start":{"line":5,"column":12},"end":{"line":5,"column":13}},"loc":{"start":{"line":5,"column":19},"end":{"line":22,"column":7}},"line":5},"4":{"name":"(anonymous_4)","decl":{"start":{"line":8,"column":16},"end":{"line":8,"column":17}},"loc":{"start":{"line":8,"column":33},"end":{"line":17,"column":9}},"line":8},"5":{"name":"(anonymous_5)","decl":{"start":{"line":10,"column":18},"end":{"line":10,"column":19}},"loc":{"start":{"line":10,"column":25},"end":{"line":10,"column":35}},"line":10},"6":{"name":"(anonymous_6)","decl":{"start":{"line":11,"column":18},"end":{"line":11,"column":19}},"loc":{"start":{"line":11,"column":25},"end":{"line":16,"column":13}},"line":11},"7":{"name":"(anonymous_7)","decl":{"start":{"line":23,"column":13},"end":{"line":23,"column":14}},"loc":{"start":{"line":23,"column":22},"end":{"line":25,"column":7}},"line":23}},"branchMap":{"0":{"loc":{"start":{"line":18,"column":8},"end":{"line":20,"column":9}},"type":"if","locations":[{"start":{"line":18,"column":8},"end":{"line":20,"column":9}},{"start":{"line":18,"column":8},"end":{"line":20,"column":9}}],"line":18}},"s":{"0":1,"1":0,"2":0,"3":0,"4":0,"5":0,"6":0,"7":0,"8":0,"9":0,"10":0,"11":0},"f":{"0":1,"1":0,"2":0,"3":0,"4":0,"5":0,"6":0,"7":0},"b":{"0":[0,0]},"_coverageSchema":"43e27e138ebf9cfc5966b082cf9a028302ed4184","hash":"9e46675ff8ad495c2d294e3086ede985314caa80"}
}
