{"/Users/wijnandkarsens/Documents/hn-code-challenge/App.tsx": {"path":"/Users/wijnandkarsens/Documents/hn-code-challenge/App.tsx","statementMap":{},"fnMap":{},"branchMap":{},"s":{},"f":{},"b":{},"hash":"58bae5619b8e08e430af011a9d66b7709e7fa7a2"}
,"/Users/wijnandkarsens/Documents/hn-code-challenge/src/index.tsx": {"path":"/Users/wijnandkarsens/Documents/hn-code-challenge/src/index.tsx","statementMap":{"0":{"start":{"line":9,"column":29},"end":{"line":9,"column":46}},"1":{"start":{"line":13,"column":4},"end":{"line":19,"column":6}}},"fnMap":{"0":{"name":"(anonymous_0)","decl":{"start":{"line":12,"column":2},"end":{"line":12,"column":3}},"loc":{"start":{"line":12,"column":11},"end":{"line":20,"column":3}},"line":12}},"branchMap":{},"s":{"0":0,"1":0},"f":{"0":0},"b":{},"hash":"c9f45c12bcb0165670c6efa5650b6251fdaf7335"}
,"/Users/wijnandkarsens/Documents/hn-code-challenge/src/reducer.tsx": {"path":"/Users/wijnandkarsens/Documents/hn-code-challenge/src/reducer.tsx","statementMap":{"0":{"start":{"line":27,"column":27},"end":{"line":32,"column":1}},"1":{"start":{"line":34,"column":23},"end":{"line":76,"column":1}},"2":{"start":{"line":38,"column":2},"end":{"line":75,"column":3}},"3":{"start":{"line":40,"column":6},"end":{"line":43,"column":8}},"4":{"start":{"line":47,"column":6},"end":{"line":47,"column":35}},"5":{"start":{"line":48,"column":6},"end":{"line":53,"column":8}},"6":{"start":{"line":57,"column":22},"end":{"line":57,"column":53}},"7":{"start":{"line":58,"column":6},"end":{"line":64,"column":8}},"8":{"start":{"line":68,"column":6},"end":{"line":70,"column":8}},"9":{"start":{"line":74,"column":6},"end":{"line":74,"column":19}}},"fnMap":{"0":{"name":"(anonymous_0)","decl":{"start":{"line":34,"column":23},"end":{"line":34,"column":24}},"loc":{"start":{"line":37,"column":12},"end":{"line":76,"column":1}},"line":37}},"branchMap":{"0":{"loc":{"start":{"line":35,"column":2},"end":{"line":35,"column":28}},"type":"default-arg","locations":[{"start":{"line":35,"column":17},"end":{"line":35,"column":28}}],"line":35},"1":{"loc":{"start":{"line":38,"column":2},"end":{"line":75,"column":3}},"type":"switch","locations":[{"start":{"line":39,"column":4},"end":{"line":44,"column":5}},{"start":{"line":46,"column":4},"end":{"line":54,"column":5}},{"start":{"line":56,"column":4},"end":{"line":65,"column":5}},{"start":{"line":67,"column":4},"end":{"line":71,"column":5}},{"start":{"line":73,"column":4},"end":{"line":74,"column":19}}],"line":38},"2":{"loc":{"start":{"line":57,"column":22},"end":{"line":57,"column":53}},"type":"binary-expr","locations":[{"start":{"line":57,"column":22},"end":{"line":57,"column":47}},{"start":{"line":57,"column":51},"end":{"line":57,"column":53}}],"line":57}},"s":{"0":0,"1":0,"2":0,"3":0,"4":0,"5":0,"6":0,"7":0,"8":0,"9":0},"f":{"0":0},"b":{"0":[0],"1":[0,0,0,0,0],"2":[0,0]},"hash":"4ba1af6a1a3c2f634f3e6cd79d851c007fffb6ce"}
,"/Users/wijnandkarsens/Documents/hn-code-challenge/src/store.tsx": {"path":"/Users/wijnandkarsens/Documents/hn-code-challenge/src/store.tsx","statementMap":{"0":{"start":{"line":5,"column":17},"end":{"line":21,"column":1}},"1":{"start":{"line":6,"column":17},"end":{"line":10,"column":3}},"2":{"start":{"line":12,"column":19},"end":{"line":14,"column":3}},"3":{"start":{"line":16,"column":22},"end":{"line":16,"column":62}},"4":{"start":{"line":17,"column":16},"end":{"line":17,"column":51}},"5":{"start":{"line":18,"column":20},"end":{"line":18,"column":39}},"6":{"start":{"line":20,"column":2},"end":{"line":20,"column":30}}},"fnMap":{"0":{"name":"(anonymous_0)","decl":{"start":{"line":5,"column":17},"end":{"line":5,"column":18}},"loc":{"start":{"line":5,"column":28},"end":{"line":21,"column":1}},"line":5}},"branchMap":{},"s":{"0":0,"1":0,"2":0,"3":0,"4":0,"5":0,"6":0},"f":{"0":0},"b":{},"hash":"2558e7dae3fe4acddad024bd3d9ce1f0f072829c"}
,"/Users/wijnandkarsens/Documents/hn-code-challenge/src/api/getStories.tsx": {"path":"/Users/wijnandkarsens/Documents/hn-code-challenge/src/api/getStories.tsx","statementMap":{"0":{"start":{"line":2,"column":2},"end":{"line":26,"column":4}},"1":{"start":{"line":3,"column":4},"end":{"line":25,"column":9}},"2":{"start":{"line":4,"column":19},"end":{"line":4,"column":29}},"3":{"start":{"line":6,"column":8},"end":{"line":6,"column":63}},"4":{"start":{"line":8,"column":8},"end":{"line":17,"column":11}},"5":{"start":{"line":9,"column":10},"end":{"line":16,"column":15}},"6":{"start":{"line":10,"column":25},"end":{"line":10,"column":35}},"7":{"start":{"line":12,"column":14},"end":{"line":15,"column":17}},"8":{"start":{"line":18,"column":8},"end":{"line":20,"column":9}},"9":{"start":{"line":19,"column":10},"end":{"line":19,"column":26}},"10":{"start":{"line":21,"column":8},"end":{"line":21,"column":19}},"11":{"start":{"line":24,"column":8},"end":{"line":24,"column":27}}},"fnMap":{"0":{"name":"getStories","decl":{"start":{"line":1,"column":9},"end":{"line":1,"column":19}},"loc":{"start":{"line":1,"column":30},"end":{"line":27,"column":1}},"line":1},"1":{"name":"(anonymous_1)","decl":{"start":{"line":2,"column":9},"end":{"line":2,"column":10}},"loc":{"start":{"line":2,"column":15},"end":{"line":26,"column":3}},"line":2},"2":{"name":"(anonymous_2)","decl":{"start":{"line":4,"column":12},"end":{"line":4,"column":13}},"loc":{"start":{"line":4,"column":19},"end":{"line":4,"column":29}},"line":4},"3":{"name":"(anonymous_3)","decl":{"start":{"line":5,"column":12},"end":{"line":5,"column":13}},"loc":{"start":{"line":5,"column":19},"end":{"line":22,"column":7}},"line":5},"4":{"name":"(anonymous_4)","decl":{"start":{"line":8,"column":16},"end":{"line":8,"column":17}},"loc":{"start":{"line":8,"column":33},"end":{"line":17,"column":9}},"line":8},"5":{"name":"(anonymous_5)","decl":{"start":{"line":10,"column":18},"end":{"line":10,"column":19}},"loc":{"start":{"line":10,"column":25},"end":{"line":10,"column":35}},"line":10},"6":{"name":"(anonymous_6)","decl":{"start":{"line":11,"column":18},"end":{"line":11,"column":19}},"loc":{"start":{"line":11,"column":25},"end":{"line":16,"column":13}},"line":11},"7":{"name":"(anonymous_7)","decl":{"start":{"line":23,"column":13},"end":{"line":23,"column":14}},"loc":{"start":{"line":23,"column":22},"end":{"line":25,"column":7}},"line":23}},"branchMap":{"0":{"loc":{"start":{"line":18,"column":8},"end":{"line":20,"column":9}},"type":"if","locations":[{"start":{"line":18,"column":8},"end":{"line":20,"column":9}},{"start":{"line":18,"column":8},"end":{"line":20,"column":9}}],"line":18}},"s":{"0":0,"1":0,"2":0,"3":0,"4":0,"5":0,"6":0,"7":0,"8":0,"9":0,"10":0,"11":0},"f":{"0":0,"1":0,"2":0,"3":0,"4":0,"5":0,"6":0,"7":0},"b":{"0":[0,0]},"hash":"9e46675ff8ad495c2d294e3086ede985314caa80"}
,"/Users/wijnandkarsens/Documents/hn-code-challenge/src/components/StoryItem.tsx": {"path":"/Users/wijnandkarsens/Documents/hn-code-challenge/src/components/StoryItem.tsx","statementMap":{"0":{"start":{"line":13,"column":18},"end":{"line":13,"column":42}},"1":{"start":{"line":15,"column":18},"end":{"line":51,"column":1}},"2":{"start":{"line":24,"column":19},"end":{"line":24,"column":47}},"3":{"start":{"line":26,"column":2},"end":{"line":50,"column":4}},"4":{"start":{"line":31,"column":41},"end":{"line":31,"column":67}},"5":{"start":{"line":53,"column":15},"end":{"line":76,"column":2}}},"fnMap":{"0":{"name":"(anonymous_0)","decl":{"start":{"line":15,"column":18},"end":{"line":15,"column":19}},"loc":{"start":{"line":23,"column":6},"end":{"line":51,"column":1}},"line":23},"1":{"name":"(anonymous_1)","decl":{"start":{"line":31,"column":35},"end":{"line":31,"column":36}},"loc":{"start":{"line":31,"column":41},"end":{"line":31,"column":67}},"line":31}},"branchMap":{"0":{"loc":{"start":{"line":30,"column":7},"end":{"line":48,"column":7}},"type":"cond-expr","locations":[{"start":{"line":31,"column":8},"end":{"line":43,"column":27}},{"start":{"line":45,"column":8},"end":{"line":47,"column":15}}],"line":30}},"s":{"0":1,"1":1,"2":2,"3":2,"4":0,"5":1},"f":{"0":2,"1":0},"b":{"0":[2,0]},"_coverageSchema":"43e27e138ebf9cfc5966b082cf9a028302ed4184","hash":"db4f7dbe82910fcd8d74142c42cdcf60cf9f321f"}
,"/Users/wijnandkarsens/Documents/hn-code-challenge/src/screens/HomeScreen.tsx": {"path":"/Users/wijnandkarsens/Documents/hn-code-challenge/src/screens/HomeScreen.tsx","statementMap":{"0":{"start":{"line":16,"column":19},"end":{"line":16,"column":43}},"1":{"start":{"line":27,"column":10},"end":{"line":27,"column":40}},"2":{"start":{"line":29,"column":4},"end":{"line":29,"column":28}},"3":{"start":{"line":32,"column":12},"end":{"line":36,"column":3}},"4":{"start":{"line":33,"column":4},"end":{"line":33,"column":40}},"5":{"start":{"line":34,"column":4},"end":{"line":34,"column":28}},"6":{"start":{"line":35,"column":4},"end":{"line":35,"column":41}},"7":{"start":{"line":38,"column":15},"end":{"line":43,"column":3}},"8":{"start":{"line":39,"column":24},"end":{"line":39,"column":34}},"9":{"start":{"line":40,"column":21},"end":{"line":40,"column":31}},"10":{"start":{"line":41,"column":18},"end":{"line":41,"column":43}},"11":{"start":{"line":42,"column":4},"end":{"line":42,"column":65}},"12":{"start":{"line":45,"column":12},"end":{"line":53,"column":3}},"13":{"start":{"line":46,"column":29},"end":{"line":46,"column":32}},"14":{"start":{"line":47,"column":27},"end":{"line":47,"column":37}},"15":{"start":{"line":49,"column":4},"end":{"line":52,"column":6}},"16":{"start":{"line":56,"column":4},"end":{"line":75,"column":6}},"17":{"start":{"line":59,"column":10},"end":{"line":72,"column":29}},"18":{"start":{"line":62,"column":27},"end":{"line":62,"column":50}},"19":{"start":{"line":79,"column":4},"end":{"line":101,"column":6}},"20":{"start":{"line":89,"column":12},"end":{"line":89,"column":36}},"21":{"start":{"line":90,"column":12},"end":{"line":90,"column":35}},"22":{"start":{"line":97,"column":32},"end":{"line":97,"column":41}},"23":{"start":{"line":105,"column":28},"end":{"line":115,"column":13}},"24":{"start":{"line":107,"column":4},"end":{"line":110,"column":6}},"25":{"start":{"line":112,"column":15},"end":{"line":114,"column":3}},"26":{"start":{"line":117,"column":15},"end":{"line":146,"column":2}}},"fnMap":{"0":{"name":"(anonymous_0)","decl":{"start":{"line":28,"column":2},"end":{"line":28,"column":3}},"loc":{"start":{"line":28,"column":22},"end":{"line":30,"column":3}},"line":28},"1":{"name":"(anonymous_1)","decl":{"start":{"line":32,"column":12},"end":{"line":32,"column":13}},"loc":{"start":{"line":32,"column":18},"end":{"line":36,"column":3}},"line":32},"2":{"name":"(anonymous_2)","decl":{"start":{"line":38,"column":15},"end":{"line":38,"column":16}},"loc":{"start":{"line":38,"column":36},"end":{"line":43,"column":3}},"line":38},"3":{"name":"(anonymous_3)","decl":{"start":{"line":45,"column":12},"end":{"line":45,"column":13}},"loc":{"start":{"line":45,"column":20},"end":{"line":53,"column":3}},"line":45},"4":{"name":"(anonymous_4)","decl":{"start":{"line":55,"column":2},"end":{"line":55,"column":3}},"loc":{"start":{"line":55,"column":16},"end":{"line":76,"column":3}},"line":55},"5":{"name":"(anonymous_5)","decl":{"start":{"line":58,"column":29},"end":{"line":58,"column":30}},"loc":{"start":{"line":59,"column":10},"end":{"line":72,"column":29}},"line":59},"6":{"name":"(anonymous_6)","decl":{"start":{"line":62,"column":21},"end":{"line":62,"column":22}},"loc":{"start":{"line":62,"column":27},"end":{"line":62,"column":50}},"line":62},"7":{"name":"(anonymous_7)","decl":{"start":{"line":78,"column":2},"end":{"line":78,"column":3}},"loc":{"start":{"line":78,"column":11},"end":{"line":102,"column":3}},"line":78},"8":{"name":"(anonymous_8)","decl":{"start":{"line":88,"column":21},"end":{"line":88,"column":22}},"loc":{"start":{"line":88,"column":27},"end":{"line":91,"column":11}},"line":88},"9":{"name":"(anonymous_9)","decl":{"start":{"line":97,"column":24},"end":{"line":97,"column":25}},"loc":{"start":{"line":97,"column":32},"end":{"line":97,"column":41}},"line":97},"10":{"name":"(anonymous_10)","decl":{"start":{"line":106,"column":2},"end":{"line":106,"column":3}},"loc":{"start":{"line":106,"column":16},"end":{"line":111,"column":3}},"line":106},"11":{"name":"(anonymous_11)","decl":{"start":{"line":112,"column":2},"end":{"line":112,"column":3}},"loc":{"start":{"line":112,"column":15},"end":{"line":114,"column":3}},"line":112}},"branchMap":{"0":{"loc":{"start":{"line":67,"column":23},"end":{"line":67,"column":67}},"type":"cond-expr","locations":[{"start":{"line":67,"column":50},"end":{"line":67,"column":57}},{"start":{"line":67,"column":60},"end":{"line":67,"column":67}}],"line":67}},"s":{"0":0,"1":0,"2":0,"3":0,"4":0,"5":0,"6":0,"7":0,"8":0,"9":0,"10":0,"11":0,"12":0,"13":0,"14":0,"15":0,"16":0,"17":0,"18":0,"19":0,"20":0,"21":0,"22":0,"23":0,"24":0,"25":0,"26":0},"f":{"0":0,"1":0,"2":0,"3":0,"4":0,"5":0,"6":0,"7":0,"8":0,"9":0,"10":0,"11":0},"b":{"0":[0,0]},"hash":"499643bff0a7ca7497dff09c64ee53c639b1196f"}
}
