TN:
SF:/Users/wijnandkarsens/Documents/hn-code-challenge/src/reducer.tsx
FN:34,(anonymous_0)
FNF:1
FNH:0
FNDA:0,(anonymous_0)
DA:27,0
DA:34,0
DA:38,0
DA:40,0
DA:47,0
DA:48,0
DA:58,0
DA:64,0
LF:8
LH:0
BRDA:35,0,0,0
BRDA:38,1,0,0
BRDA:38,1,1,0
BRDA:38,1,2,0
BRDA:38,1,3,0
BRDA:47,2,0,0
BRDA:47,2,1,0
BRF:7
BRH:0
end_of_record
TN:
SF:/Users/wijnandkarsens/Documents/hn-code-challenge/src/api/getStories.tsx
FN:1,getStories
FN:2,(anonymous_1)
FN:4,(anonymous_2)
FN:5,(anonymous_3)
FN:8,(anonymous_4)
FN:10,(anonymous_5)
FN:11,(anonymous_6)
FN:23,(anonymous_7)
FNF:8
FNH:1
FNDA:1,getStories
FNDA:0,(anonymous_1)
FNDA:0,(anonymous_2)
FNDA:0,(anonymous_3)
FNDA:0,(anonymous_4)
FNDA:0,(anonymous_5)
FNDA:0,(anonymous_6)
FNDA:0,(anonymous_7)
DA:2,1
DA:3,0
DA:4,0
DA:6,0
DA:8,0
DA:9,0
DA:10,0
DA:12,0
DA:18,0
DA:19,0
DA:21,0
DA:24,0
LF:12
LH:1
BRDA:18,0,0,0
BRDA:18,0,1,0
BRF:2
BRH:0
end_of_record
