TN:
SF:/Users/wijnandkarsens/Documents/hn-code-challenge/App.tsx
FNF:0
FNH:0
LF:0
LH:0
BRF:0
BRH:0
end_of_record
TN:
SF:/Users/wijnandkarsens/Documents/hn-code-challenge/src/index.tsx
FN:12,(anonymous_0)
FNF:1
FNH:0
FNDA:0,(anonymous_0)
DA:9,0
DA:13,0
LF:2
LH:0
BRF:0
BRH:0
end_of_record
TN:
SF:/Users/wijnandkarsens/Documents/hn-code-challenge/src/reducer.tsx
FN:34,(anonymous_0)
FNF:1
FNH:0
FNDA:0,(anonymous_0)
DA:27,0
DA:34,0
DA:38,0
DA:40,0
DA:47,0
DA:48,0
DA:57,0
DA:58,0
DA:68,0
DA:74,0
LF:10
LH:0
BRDA:35,0,0,0
BRDA:38,1,0,0
BRDA:38,1,1,0
BRDA:38,1,2,0
BRDA:38,1,3,0
BRDA:38,1,4,0
BRDA:57,2,0,0
BRDA:57,2,1,0
BRF:8
BRH:0
end_of_record
TN:
SF:/Users/wijnandkarsens/Documents/hn-code-challenge/src/store.tsx
FN:5,(anonymous_0)
FNF:1
FNH:0
FNDA:0,(anonymous_0)
DA:5,0
DA:6,0
DA:12,0
DA:16,0
DA:17,0
DA:18,0
DA:20,0
LF:7
LH:0
BRF:0
BRH:0
end_of_record
TN:
SF:/Users/wijnandkarsens/Documents/hn-code-challenge/src/api/getStories.tsx
FN:1,getStories
FN:2,(anonymous_1)
FN:4,(anonymous_2)
FN:5,(anonymous_3)
FN:8,(anonymous_4)
FN:10,(anonymous_5)
FN:11,(anonymous_6)
FN:23,(anonymous_7)
FNF:8
FNH:0
FNDA:0,getStories
FNDA:0,(anonymous_1)
FNDA:0,(anonymous_2)
FNDA:0,(anonymous_3)
FNDA:0,(anonymous_4)
FNDA:0,(anonymous_5)
FNDA:0,(anonymous_6)
FNDA:0,(anonymous_7)
DA:2,0
DA:3,0
DA:4,0
DA:6,0
DA:8,0
DA:9,0
DA:10,0
DA:12,0
DA:18,0
DA:19,0
DA:21,0
DA:24,0
LF:12
LH:0
BRDA:18,0,0,0
BRDA:18,0,1,0
BRF:2
BRH:0
end_of_record
TN:
SF:/Users/wijnandkarsens/Documents/hn-code-challenge/src/components/StoryItem.tsx
FN:12,(anonymous_0)
FN:28,(anonymous_1)
FNF:2
FNH:1
FNDA:2,(anonymous_0)
FNDA:0,(anonymous_1)
DA:12,1
DA:21,2
DA:23,2
DA:28,0
DA:48,1
LF:5
LH:4
BRDA:27,0,0,2
BRDA:27,0,1,0
BRF:2
BRH:1
end_of_record
TN:
SF:/Users/wijnandkarsens/Documents/hn-code-challenge/src/screens/HomeScreen.tsx
FN:28,(anonymous_0)
FN:32,(anonymous_1)
FN:38,(anonymous_2)
FN:45,(anonymous_3)
FN:55,(anonymous_4)
FN:58,(anonymous_5)
FN:62,(anonymous_6)
FN:78,(anonymous_7)
FN:88,(anonymous_8)
FN:96,(anonymous_9)
FN:105,(anonymous_10)
FN:111,(anonymous_11)
FNF:12
FNH:0
FNDA:0,(anonymous_0)
FNDA:0,(anonymous_1)
FNDA:0,(anonymous_2)
FNDA:0,(anonymous_3)
FNDA:0,(anonymous_4)
FNDA:0,(anonymous_5)
FNDA:0,(anonymous_6)
FNDA:0,(anonymous_7)
FNDA:0,(anonymous_8)
FNDA:0,(anonymous_9)
FNDA:0,(anonymous_10)
FNDA:0,(anonymous_11)
DA:16,0
DA:27,0
DA:29,0
DA:32,0
DA:33,0
DA:34,0
DA:35,0
DA:38,0
DA:39,0
DA:40,0
DA:41,0
DA:42,0
DA:45,0
DA:46,0
DA:47,0
DA:49,0
DA:56,0
DA:59,0
DA:62,0
DA:79,0
DA:89,0
DA:90,0
DA:96,0
DA:104,0
DA:106,0
DA:111,0
DA:116,0
LF:27
LH:0
BRDA:67,0,0,0
BRDA:67,0,1,0
BRF:2
BRH:0
end_of_record
